# JRE version: Java(TM) SE Runtime Environment (7.0_65-b17) (build 1.7.0_65-b17)
# Java VM: Java HotSpot(TM) 64-Bit Server VM (24.65-b04 mixed mode bsd-amd64 compressed oops)
Heap
 PSYoungGen      total 656896K, used 227916K [0x00000007d5500000, 0x00000007ffd80000, 0x0000000800000000)
  eden space 650752K, 34% used [0x00000007d5500000,0x00000007e2dedef0,0x00000007fd080000)
  from space 6144K, 94% used [0x00000007ff780000,0x00000007ffd25200,0x00000007ffd80000)
  to   space 7680K, 0% used [0x00000007fee80000,0x00000007fee80000,0x00000007ff600000)
 ParOldGen       total 87040K, used 49364K [0x0000000780000000, 0x0000000785500000, 0x00000007d5500000)
  object space 87040K, 56% used [0x0000000780000000,0x0000000783035138,0x0000000785500000)
 PSPermGen       total 21504K, used 6373K [0x000000077ae00000, 0x000000077c300000, 0x0000000780000000)
  object space 21504K, 29% used [0x000000077ae00000,0x000000077b4395a8,0x000000077c300000)
GC Heap History (10 events):
Event: 4.805 GC heap before
{Heap before GC invocations=8 (full 0):
 PSYoungGen      total 278528K, used 273925K [0x00000007d5500000, 0x00000007f7500000, 0x0000000800000000)
  eden space 270336K, 100% used [0x00000007d5500000,0x00000007e5d00000,0x00000007e5d00000)
  from space 8192K, 43% used [0x00000007e5d00000,0x00000007e60816a8,0x00000007e6500000)
  to   space 8192K, 0% used [0x00000007f6d00000,0x00000007f6d00000,0x00000007f7500000)
 ParOldGen       total 87040K, used 46074K [0x0000000780000000, 0x0000000785500000, 0x00000007d5500000)
  object space 87040K, 52% used [0x0000000780000000,0x0000000782cfea80,0x0000000785500000)
 PSPermGen       total 21504K, used 6366K [0x000000077ae00000, 0x000000077c300000, 0x0000000780000000)
  object space 21504K, 29% used [0x000000077ae00000,0x000000077b4379d0,0x000000077c300000)
Event: 4.815 GC heap after
Heap after GC invocations=8 (full 0):
 PSYoungGen      total 548864K, used 3545K [0x00000007d5500000, 0x00000007f7500000, 0x0000000800000000)
  eden space 540672K, 0% used [0x00000007d5500000,0x00000007d5500000,0x00000007f6500000)
  from space 8192K, 43% used [0x00000007f6d00000,0x00000007f7076468,0x00000007f7500000)
  to   space 8192K, 0% used [0x00000007f6500000,0x00000007f6500000,0x00000007f6d00000)
 ParOldGen       total 87040K, used 46708K [0x0000000780000000, 0x0000000785500000, 0x00000007d5500000)
  object space 87040K, 53% used [0x0000000780000000,0x0000000782d9d108,0x0000000785500000)
 PSPermGen       total 21504K, used 6366K [0x000000077ae00000, 0x000000077c300000, 0x0000000780000000)
  object space 21504K, 29% used [0x000000077ae00000,0x000000077b4379d0,0x000000077c300000)
}
Event: 7.137 GC heap before
{Heap before GC invocations=9 (full 0):
 PSYoungGen      total 548864K, used 544217K [0x00000007d5500000, 0x00000007f7500000, 0x0000000800000000)
  eden space 540672K, 100% used [0x00000007d5500000,0x00000007f6500000,0x00000007f6500000)
  from space 8192K, 43% used [0x00000007f6d00000,0x00000007f7076468,0x00000007f7500000)
  to   space 8192K, 0% used [0x00000007f6500000,0x00000007f6500000,0x00000007f6d00000)
 ParOldGen       total 87040K, used 46708K [0x0000000780000000, 0x0000000785500000, 0x00000007d5500000)
  object space 87040K, 53% used [0x0000000780000000,0x0000000782d9d108,0x0000000785500000)
 PSPermGen       total 21504K, used 6368K [0x000000077ae00000, 0x000000077c300000, 0x0000000780000000)
  object space 21504K, 29% used [0x000000077ae00000,0x000000077b4380d0,0x000000077c300000)
Event: 7.148 GC heap after
Heap after GC invocations=9 (full 0):
 PSYoungGen      total 548864K, used 4345K [0x00000007d5500000, 0x0000000800000000, 0x0000000800000000)
  eden space 540672K, 0% used [0x00000007d5500000,0x00000007d5500000,0x00000007f6500000)
  from space 8192K, 53% used [0x00000007f6500000,0x00000007f693e578,0x00000007f6d00000)
  to   space 8192K, 0% used [0x00000007ff800000,0x00000007ff800000,0x0000000800000000)
 ParOldGen       total 87040K, used 47220K [0x0000000780000000, 0x0000000785500000, 0x00000007d5500000)
  object space 87040K, 54% used [0x0000000780000000,0x0000000782e1d108,0x0000000785500000)
 PSPermGen       total 21504K, used 6368K [0x000000077ae00000, 0x000000077c300000, 0x0000000780000000)
  object space 21504K, 29% used [0x000000077ae00000,0x000000077b4380d0,0x000000077c300000)
}
Event: 9.767 GC heap before
{Heap before GC invocations=10 (full 0):
 PSYoungGen      total 548864K, used 545017K [0x00000007d5500000, 0x0000000800000000, 0x0000000800000000)
  eden space 540672K, 100% used [0x00000007d5500000,0x00000007f6500000,0x00000007f6500000)
  from space 8192K, 53% used [0x00000007f6500000,0x00000007f693e578,0x00000007f6d00000)
  to   space 8192K, 0% used [0x00000007ff800000,0x00000007ff800000,0x0000000800000000)
 ParOldGen       total 87040K, used 47220K [0x0000000780000000, 0x0000000785500000, 0x00000007d5500000)
  object space 87040K, 54% used [0x0000000780000000,0x0000000782e1d108,0x0000000785500000)
 PSPermGen       total 21504K, used 6369K [0x000000077ae00000, 0x000000077c300000, 0x0000000780000000)
  object space 21504K, 29% used [0x000000077ae00000,0x000000077b4387f0,0x000000077c300000)
Event: 9.782 GC heap after
Heap after GC invocations=10 (full 0):
 PSYoungGen      total 691200K, used 4468K [0x00000007d5500000, 0x0000000800000000, 0x0000000800000000)
  eden space 683008K, 0% used [0x00000007d5500000,0x00000007d5500000,0x00000007ff000000)
  from space 8192K, 54% used [0x00000007ff800000,0x00000007ffc5d340,0x0000000800000000)
  to   space 8192K, 0% used [0x00000007ff000000,0x00000007ff000000,0x00000007ff800000)
 ParOldGen       total 87040K, used 48164K [0x0000000780000000, 0x0000000785500000, 0x00000007d5500000)
  object space 87040K, 55% used [0x0000000780000000,0x0000000782f09138,0x0000000785500000)
 PSPermGen       total 21504K, used 6369K [0x000000077ae00000, 0x000000077c300000, 0x0000000780000000)
  object space 21504K, 29% used [0x000000077ae00000,0x000000077b4387f0,0x000000077c300000)
}
Event: 13.493 GC heap before
{Heap before GC invocations=11 (full 0):
 PSYoungGen      total 691200K, used 687476K [0x00000007d5500000, 0x0000000800000000, 0x0000000800000000)
  eden space 683008K, 100% used [0x00000007d5500000,0x00000007ff000000,0x00000007ff000000)
  from space 8192K, 54% used [0x00000007ff800000,0x00000007ffc5d340,0x0000000800000000)
  to   space 8192K, 0% used [0x00000007ff000000,0x00000007ff000000,0x00000007ff800000)
 ParOldGen       total 87040K, used 48164K [0x0000000780000000, 0x0000000785500000, 0x00000007d5500000)
  object space 87040K, 55% used [0x0000000780000000,0x0000000782f09138,0x0000000785500000)
 PSPermGen       total 21504K, used 6371K [0x000000077ae00000, 0x000000077c300000, 0x0000000780000000)
  object space 21504K, 29% used [0x000000077ae00000,0x000000077b438d60,0x000000077c300000)
Event: 13.505 GC heap after
Heap after GC invocations=11 (full 0):
 PSYoungGen      total 688640K, used 5370K [0x00000007d5500000, 0x00000007fff00000, 0x0000000800000000)
  eden space 683008K, 0% used [0x00000007d5500000,0x00000007d5500000,0x00000007ff000000)
  from space 5632K, 95% used [0x00000007ff000000,0x00000007ff53e940,0x00000007ff580000)
  to   space 7680K, 0% used [0x00000007ff780000,0x00000007ff780000,0x00000007fff00000)
 ParOldGen       total 87040K, used 48980K [0x0000000780000000, 0x0000000785500000, 0x00000007d5500000)
  object space 87040K, 56% used [0x0000000780000000,0x0000000782fd5138,0x0000000785500000)
 PSPermGen       total 21504K, used 6371K [0x000000077ae00000, 0x000000077c300000, 0x0000000780000000)
  object space 21504K, 29% used [0x000000077ae00000,0x000000077b438d60,0x000000077c300000)
}
Event: 17.621 GC heap before
{Heap before GC invocations=12 (full 0):
 PSYoungGen      total 688640K, used 688378K [0x00000007d5500000, 0x00000007fff00000, 0x0000000800000000)
  eden space 683008K, 100% used [0x00000007d5500000,0x00000007ff000000,0x00000007ff000000)
  from space 5632K, 95% used [0x00000007ff000000,0x00000007ff53e940,0x00000007ff580000)
  to   space 7680K, 0% used [0x00000007ff780000,0x00000007ff780000,0x00000007fff00000)
 ParOldGen       total 87040K, used 48980K [0x0000000780000000, 0x0000000785500000, 0x00000007d5500000)
  object space 87040K, 56% used [0x0000000780000000,0x0000000782fd5138,0x0000000785500000)
 PSPermGen       total 21504K, used 6371K [0x000000077ae00000, 0x000000077c300000, 0x0000000780000000)
  object space 21504K, 29% used [0x000000077ae00000,0x000000077b438fb0,0x000000077c300000)
Event: 17.636 GC heap after
Heap after GC invocations=12 (full 0):
 PSYoungGen      total 656896K, used 5780K [0x00000007d5500000, 0x00000007ffd80000, 0x0000000800000000)
  eden space 650752K, 0% used [0x00000007d5500000,0x00000007d5500000,0x00000007fd080000)
  from space 6144K, 94% used [0x00000007ff780000,0x00000007ffd25200,0x00000007ffd80000)
  to   space 7680K, 0% used [0x00000007fee80000,0x00000007fee80000,0x00000007ff600000)
 ParOldGen       total 87040K, used 49364K [0x0000000780000000, 0x0000000785500000, 0x00000007d5500000)
  object space 87040K, 56% used [0x0000000780000000,0x0000000783035138,0x0000000785500000)
 PSPermGen       total 21504K, used 6371K [0x000000077ae00000, 0x000000077c300000, 0x0000000780000000)
  object space 21504K, 29% used [0x000000077ae00000,0x000000077b438fb0,0x000000077c300000)
}

